# JRE version: OpenJDK Runtime Environment (11.0.21+9) (build 11.0.21+9-post-Ubuntu-0ubuntu122.04)
# Java VM: OpenJDK 64-Bit Server VM (11.0.21+9-post-Ubuntu-0ubuntu122.04, mixed mode, sharing, tiered, compressed oops, g1 gc, linux-amd64)
Heap:
 garbage-first heap   total 165888K, used 87852K [0x0000000094c00000, 0x0000000100000000)
  region size 1024K, 24 young (24576K), 7 survivors (7168K)
 Metaspace       used 84408K, capacity 92567K, committed 92844K, reserved 1130496K
  class space    used 9781K, capacity 12500K, committed 12544K, reserved 1048576K
GC Heap History (20 events):
Event: 21,531 GC heap before
{Heap before GC invocations=21 (full 0):
 garbage-first heap   total 165888K, used 114184K [0x0000000094c00000, 0x0000000100000000)
  region size 1024K, 56 young (57344K), 7 survivors (7168K)
 Metaspace       used 67313K, capacity 74271K, committed 74668K, reserved 1114112K
  class space    used 7584K, capacity 9865K, committed 9984K, reserved 1048576K
}
Event: 21,539 GC heap after
{Heap after GC invocations=22 (full 0):
 garbage-first heap   total 165888K, used 68893K [0x0000000094c00000, 0x0000000100000000)
  region size 1024K, 5 young (5120K), 5 survivors (5120K)
 Metaspace       used 67313K, capacity 74271K, committed 74668K, reserved 1114112K
  class space    used 7584K, capacity 9865K, committed 9984K, reserved 1048576K
}
Event: 21,598 GC heap before
{Heap before GC invocations=22 (full 0):
 garbage-first heap   total 165888K, used 71965K [0x0000000094c00000, 0x0000000100000000)
  region size 1024K, 8 young (8192K), 5 survivors (5120K)
 Metaspace       used 67352K, capacity 74335K, committed 74668K, reserved 1114112K
  class space    used 7586K, capacity 9865K, committed 9984K, reserved 1048576K
}
Event: 21,603 GC heap after
{Heap after GC invocations=23 (full 0):
 garbage-first heap   total 165888K, used 68775K [0x0000000094c00000, 0x0000000100000000)
  region size 1024K, 1 young (1024K), 1 survivors (1024K)
 Metaspace       used 67352K, capacity 74335K, committed 74668K, reserved 1114112K
  class space    used 7586K, capacity 9865K, committed 9984K, reserved 1048576K
}
Event: 33,122 GC heap before
{Heap before GC invocations=23 (full 0):
 garbage-first heap   total 165888K, used 124071K [0x0000000094c00000, 0x0000000100000000)
  region size 1024K, 55 young (56320K), 1 survivors (1024K)
 Metaspace       used 68606K, capacity 75473K, committed 75692K, reserved 1116160K
  class space    used 7690K, capacity 9907K, committed 9984K, reserved 1048576K
}
Event: 33,125 GC heap after
{Heap after GC invocations=24 (full 0):
 garbage-first heap   total 165888K, used 69513K [0x0000000094c00000, 0x0000000100000000)
  region size 1024K, 2 young (2048K), 2 survivors (2048K)
 Metaspace       used 68606K, capacity 75473K, committed 75692K, reserved 1116160K
  class space    used 7690K, capacity 9907K, committed 9984K, reserved 1048576K
}
Event: 48,608 GC heap before
{Heap before GC invocations=24 (full 0):
 garbage-first heap   total 165888K, used 125833K [0x0000000094c00000, 0x0000000100000000)
  region size 1024K, 58 young (59392K), 2 survivors (2048K)
 Metaspace       used 75666K, capacity 82923K, committed 83116K, reserved 1122304K
  class space    used 8790K, capacity 11215K, committed 11264K, reserved 1048576K
}
Event: 48,615 GC heap after
{Heap after GC invocations=25 (full 0):
 garbage-first heap   total 165888K, used 72276K [0x0000000094c00000, 0x0000000100000000)
  region size 1024K, 5 young (5120K), 5 survivors (5120K)
 Metaspace       used 75666K, capacity 82923K, committed 83116K, reserved 1122304K
  class space    used 8790K, capacity 11215K, committed 11264K, reserved 1048576K
}
Event: 54,151 GC heap before
{Heap before GC invocations=25 (full 0):
 garbage-first heap   total 165888K, used 128596K [0x0000000094c00000, 0x0000000100000000)
  region size 1024K, 60 young (61440K), 5 survivors (5120K)
 Metaspace       used 76576K, capacity 83737K, committed 84012K, reserved 1122304K
  class space    used 8866K, capacity 11265K, committed 11392K, reserved 1048576K
}
Event: 54,165 GC heap after
{Heap after GC invocations=26 (full 0):
 garbage-first heap   total 165888K, used 74230K [0x0000000094c00000, 0x0000000100000000)
  region size 1024K, 5 young (5120K), 5 survivors (5120K)
 Metaspace       used 76576K, capacity 83737K, committed 84012K, reserved 1122304K
  class space    used 8866K, capacity 11265K, committed 11392K, reserved 1048576K
}
Event: 73,488 GC heap before
{Heap before GC invocations=27 (full 0):
 garbage-first heap   total 165888K, used 130550K [0x0000000094c00000, 0x0000000100000000)
  region size 1024K, 60 young (61440K), 5 survivors (5120K)
 Metaspace       used 77023K, capacity 84181K, committed 84524K, reserved 1122304K
  class space    used 8892K, capacity 11304K, committed 11392K, reserved 1048576K
}
Event: 73,493 GC heap after
{Heap after GC invocations=28 (full 0):
 garbage-first heap   total 165888K, used 75332K [0x0000000094c00000, 0x0000000100000000)
  region size 1024K, 4 young (4096K), 4 survivors (4096K)
 Metaspace       used 77023K, capacity 84181K, committed 84524K, reserved 1122304K
  class space    used 8892K, capacity 11304K, committed 11392K, reserved 1048576K
}
Event: 74,429 GC heap before
{Heap before GC invocations=28 (full 0):
 garbage-first heap   total 165888K, used 79428K [0x0000000094c00000, 0x0000000100000000)
  region size 1024K, 8 young (8192K), 4 survivors (4096K)
 Metaspace       used 77069K, capacity 84245K, committed 84524K, reserved 1122304K
  class space    used 8895K, capacity 11304K, committed 11392K, reserved 1048576K
}
Event: 74,437 GC heap after
{Heap after GC invocations=29 (full 0):
 garbage-first heap   total 165888K, used 65715K [0x0000000094c00000, 0x0000000100000000)
  region size 1024K, 1 young (1024K), 1 survivors (1024K)
 Metaspace       used 77069K, capacity 84245K, committed 84524K, reserved 1122304K
  class space    used 8895K, capacity 11304K, committed 11392K, reserved 1048576K
}
Event: 118,218 GC heap before
{Heap before GC invocations=29 (full 0):
 garbage-first heap   total 165888K, used 128179K [0x0000000094c00000, 0x0000000100000000)
  region size 1024K, 62 young (63488K), 1 survivors (1024K)
 Metaspace       used 77667K, capacity 84868K, committed 85036K, reserved 1122304K
  class space    used 8958K, capacity 11385K, committed 11392K, reserved 1048576K
}
Event: 118,222 GC heap after
{Heap after GC invocations=30 (full 0):
 garbage-first heap   total 165888K, used 65870K [0x0000000094c00000, 0x0000000100000000)
  region size 1024K, 1 young (1024K), 1 survivors (1024K)
 Metaspace       used 77667K, capacity 84868K, committed 85036K, reserved 1122304K
  class space    used 8958K, capacity 11385K, committed 11392K, reserved 1048576K
}
Event: 145,665 GC heap before
{Heap before GC invocations=30 (full 0):
 garbage-first heap   total 165888K, used 129358K [0x0000000094c00000, 0x0000000100000000)
  region size 1024K, 64 young (65536K), 1 survivors (1024K)
 Metaspace       used 81132K, capacity 89158K, committed 89260K, reserved 1126400K
  class space    used 9411K, capacity 12023K, committed 12032K, reserved 1048576K
}
Event: 145,670 GC heap after
{Heap after GC invocations=31 (full 0):
 garbage-first heap   total 165888K, used 69438K [0x0000000094c00000, 0x0000000100000000)
  region size 1024K, 5 young (5120K), 5 survivors (5120K)
 Metaspace       used 81132K, capacity 89158K, committed 89260K, reserved 1126400K
  class space    used 9411K, capacity 12023K, committed 12032K, reserved 1048576K
}
Event: 151,621 GC heap before
{Heap before GC invocations=31 (full 0):
 garbage-first heap   total 165888K, used 130878K [0x0000000094c00000, 0x0000000100000000)
  region size 1024K, 66 young (67584K), 5 survivors (5120K)
 Metaspace       used 84040K, capacity 92131K, committed 92332K, reserved 1128448K
  class space    used 9737K, capacity 12420K, committed 12544K, reserved 1048576K
}
Event: 151,628 GC heap after
{Heap after GC invocations=32 (full 0):
 garbage-first heap   total 165888K, used 71468K [0x0000000094c00000, 0x0000000100000000)
  region size 1024K, 7 young (7168K), 7 survivors (7168K)
 Metaspace       used 84040K, capacity 92131K, committed 92332K, reserved 1128448K
  class space    used 9737K, capacity 12420K, committed 12544K, reserved 1048576K
}

