# JRE version: OpenJDK Runtime Environment (11.0.22+7) (build 11.0.22+7-post-Ubuntu-0ubuntu222.04.1)
# Java VM: OpenJDK 64-Bit Server VM (11.0.22+7-post-Ubuntu-0ubuntu222.04.1, mixed mode, sharing, tiered, compressed oops, g1 gc, linux-amd64)
Heap:
 garbage-first heap   total 135168K, used 70553K [0x0000000094c00000, 0x0000000100000000)
  region size 1024K, 10 young (10240K), 1 survivors (1024K)
 Metaspace       used 87733K, capacity 95947K, committed 96252K, reserved 1132544K
  class space    used 10238K, capacity 13017K, committed 13052K, reserved 1048576K
GC Heap History (20 events):
Event: 315,861 GC heap before
{Heap before GC invocations=31 (full 0):
 garbage-first heap   total 135168K, used 110514K [0x0000000094c00000, 0x0000000100000000)
  region size 1024K, 50 young (51200K), 4 survivors (4096K)
 Metaspace       used 86552K, capacity 94988K, committed 95228K, reserved 1132544K
  class space    used 10188K, capacity 12979K, committed 13052K, reserved 1048576K
}
Event: 315,867 GC heap after
{Heap after GC invocations=32 (full 0):
 garbage-first heap   total 135168K, used 64859K [0x0000000094c00000, 0x0000000100000000)
  region size 1024K, 5 young (5120K), 5 survivors (5120K)
 Metaspace       used 86552K, capacity 94988K, committed 95228K, reserved 1132544K
  class space    used 10188K, capacity 12979K, committed 13052K, reserved 1048576K
}
Event: 315,885 GC heap before
{Heap before GC invocations=32 (full 0):
 garbage-first heap   total 135168K, used 65883K [0x0000000094c00000, 0x0000000100000000)
  region size 1024K, 6 young (6144K), 5 survivors (5120K)
 Metaspace       used 86553K, capacity 94988K, committed 95228K, reserved 1132544K
  class space    used 10188K, capacity 12979K, committed 13052K, reserved 1048576K
}
Event: 315,895 GC heap after
{Heap after GC invocations=33 (full 0):
 garbage-first heap   total 135168K, used 61844K [0x0000000094c00000, 0x0000000100000000)
  region size 1024K, 1 young (1024K), 1 survivors (1024K)
 Metaspace       used 86553K, capacity 94988K, committed 95228K, reserved 1132544K
  class space    used 10188K, capacity 12979K, committed 13052K, reserved 1048576K
}
Event: 327,504 GC heap before
{Heap before GC invocations=33 (full 0):
 garbage-first heap   total 135168K, used 109972K [0x0000000094c00000, 0x0000000100000000)
  region size 1024K, 48 young (49152K), 1 survivors (1024K)
 Metaspace       used 86906K, capacity 95343K, committed 95484K, reserved 1132544K
  class space    used 10225K, capacity 13012K, committed 13052K, reserved 1048576K
}
Event: 327,513 GC heap after
{Heap after GC invocations=34 (full 0):
 garbage-first heap   total 135168K, used 63368K [0x0000000094c00000, 0x0000000100000000)
  region size 1024K, 3 young (3072K), 3 survivors (3072K)
 Metaspace       used 86906K, capacity 95343K, committed 95484K, reserved 1132544K
  class space    used 10225K, capacity 13012K, committed 13052K, reserved 1048576K
}
Event: 388,570 GC heap before
{Heap before GC invocations=35 (full 0):
 garbage-first heap   total 135168K, used 111496K [0x0000000094c00000, 0x0000000100000000)
  region size 1024K, 50 young (51200K), 3 survivors (3072K)
 Metaspace       used 87276K, capacity 95732K, committed 95996K, reserved 1132544K
  class space    used 10225K, capacity 13012K, committed 13052K, reserved 1048576K
}
Event: 388,575 GC heap after
{Heap after GC invocations=36 (full 0):
 garbage-first heap   total 135168K, used 63405K [0x0000000094c00000, 0x0000000100000000)
  region size 1024K, 3 young (3072K), 3 survivors (3072K)
 Metaspace       used 87276K, capacity 95732K, committed 95996K, reserved 1132544K
  class space    used 10225K, capacity 13012K, committed 13052K, reserved 1048576K
}
Event: 388,755 GC heap before
{Heap before GC invocations=36 (full 0):
 garbage-first heap   total 135168K, used 66477K [0x0000000094c00000, 0x0000000100000000)
  region size 1024K, 6 young (6144K), 3 survivors (3072K)
 Metaspace       used 87276K, capacity 95732K, committed 95996K, reserved 1132544K
  class space    used 10225K, capacity 13012K, committed 13052K, reserved 1048576K
}
Event: 388,759 GC heap after
{Heap after GC invocations=37 (full 0):
 garbage-first heap   total 135168K, used 62840K [0x0000000094c00000, 0x0000000100000000)
  region size 1024K, 1 young (1024K), 1 survivors (1024K)
 Metaspace       used 87276K, capacity 95732K, committed 95996K, reserved 1132544K
  class space    used 10225K, capacity 13012K, committed 13052K, reserved 1048576K
}
Event: 419,185 GC heap before
{Heap before GC invocations=37 (full 0):
 garbage-first heap   total 135168K, used 111992K [0x0000000094c00000, 0x0000000100000000)
  region size 1024K, 49 young (50176K), 1 survivors (1024K)
 Metaspace       used 87335K, capacity 95732K, committed 95996K, reserved 1132544K
  class space    used 10225K, capacity 13012K, committed 13052K, reserved 1048576K
}
Event: 419,190 GC heap after
{Heap after GC invocations=38 (full 0):
 garbage-first heap   total 135168K, used 62581K [0x0000000094c00000, 0x0000000100000000)
  region size 1024K, 1 young (1024K), 1 survivors (1024K)
 Metaspace       used 87335K, capacity 95732K, committed 95996K, reserved 1132544K
  class space    used 10225K, capacity 13012K, committed 13052K, reserved 1048576K
}
Event: 479,632 GC heap before
{Heap before GC invocations=39 (full 0):
 garbage-first heap   total 135168K, used 112757K [0x0000000094c00000, 0x0000000100000000)
  region size 1024K, 50 young (51200K), 1 survivors (1024K)
 Metaspace       used 87437K, capacity 95797K, committed 95996K, reserved 1132544K
  class space    used 10225K, capacity 13012K, committed 13052K, reserved 1048576K
}
Event: 479,634 GC heap after
{Heap after GC invocations=40 (full 0):
 garbage-first heap   total 135168K, used 62615K [0x0000000094c00000, 0x0000000100000000)
  region size 1024K, 1 young (1024K), 1 survivors (1024K)
 Metaspace       used 87437K, capacity 95797K, committed 95996K, reserved 1132544K
  class space    used 10225K, capacity 13012K, committed 13052K, reserved 1048576K
}
Event: 485,672 GC heap before
{Heap before GC invocations=40 (full 0):
 garbage-first heap   total 135168K, used 67735K [0x0000000094c00000, 0x0000000100000000)
  region size 1024K, 6 young (6144K), 1 survivors (1024K)
 Metaspace       used 87438K, capacity 95797K, committed 95996K, reserved 1132544K
  class space    used 10225K, capacity 13012K, committed 13052K, reserved 1048576K
}
Event: 485,677 GC heap after
{Heap after GC invocations=41 (full 0):
 garbage-first heap   total 135168K, used 61874K [0x0000000094c00000, 0x0000000100000000)
  region size 1024K, 1 young (1024K), 1 survivors (1024K)
 Metaspace       used 87438K, capacity 95797K, committed 95996K, reserved 1132544K
  class space    used 10225K, capacity 13012K, committed 13052K, reserved 1048576K
}
Event: 500,494 GC heap before
{Heap before GC invocations=41 (full 0):
 garbage-first heap   total 135168K, used 113074K [0x0000000094c00000, 0x0000000100000000)
  region size 1024K, 51 young (52224K), 1 survivors (1024K)
 Metaspace       used 87481K, capacity 95797K, committed 95996K, reserved 1132544K
  class space    used 10225K, capacity 13012K, committed 13052K, reserved 1048576K
}
Event: 500,497 GC heap after
{Heap after GC invocations=42 (full 0):
 garbage-first heap   total 135168K, used 62104K [0x0000000094c00000, 0x0000000100000000)
  region size 1024K, 1 young (1024K), 1 survivors (1024K)
 Metaspace       used 87481K, capacity 95797K, committed 95996K, reserved 1132544K
  class space    used 10225K, capacity 13012K, committed 13052K, reserved 1048576K
}
Event: 511,572 GC heap before
{Heap before GC invocations=43 (full 0):
 garbage-first heap   total 135168K, used 114328K [0x0000000094c00000, 0x0000000100000000)
  region size 1024K, 52 young (53248K), 1 survivors (1024K)
 Metaspace       used 87700K, capacity 95938K, committed 96252K, reserved 1132544K
  class space    used 10232K, capacity 13014K, committed 13052K, reserved 1048576K
}
Event: 511,575 GC heap after
{Heap after GC invocations=44 (full 0):
 garbage-first heap   total 135168K, used 62361K [0x0000000094c00000, 0x0000000100000000)
  region size 1024K, 1 young (1024K), 1 survivors (1024K)
 Metaspace       used 87700K, capacity 95938K, committed 96252K, reserved 1132544K
  class space    used 10232K, capacity 13014K, committed 13052K, reserved 1048576K
}

